<?xml version='1.0' encoding='UTF-8'?>
<testsuite hostname="mindy-test" name="docs.scaladsl.CassandraSourceSpec" tests="1" errors="1" failures="0" skipped="0" time="0.087" timestamp="2019-06-27T14:30:06">
                     <properties>
[...]
</properties>
                     <testcase classname="docs.scaladsl.CassandraSourceSpec" name="(It is not a test it is a sbt.testing.SuiteSelector)" time="0.087">
                                                 <error message="All host(s) tried for query failed (tried: /127.0.0.1:9042 (com.datastax.driver.core.exceptions.TransportException: [/127.0.0.1:9042] Cannot connect))" type="com.datastax.driver.core.exceptions.NoHostAvailableException">com.datastax.driver.core.exceptions.NoHostAvailableException: All host(s) tried for query failed (tried: /127.0.0.1:9042 (com.datastax.driver.core.exceptions.TransportException: [/127.0.0.1:9042] Cannot connect))
	at com.datastax.driver.core.ControlConnection.reconnectInternal(ControlConnection.java:232)
	at com.datastax.driver.core.ControlConnection.connect(ControlConnection.java:79)
	at com.datastax.driver.core.Cluster$Manager.negotiateProtocolVersionAndConnect(Cluster.java:1631)
	at com.datastax.driver.core.Cluster$Manager.init(Cluster.java:1549)
	at com.datastax.driver.core.Cluster.init(Cluster.java:160)
	at com.datastax.driver.core.Cluster.connectAsync(Cluster.java:342)
	at com.datastax.driver.core.Cluster.connectAsync(Cluster.java:317)
	at com.datastax.driver.core.Cluster.connect(Cluster.java:259)
	at docs.scaladsl.CassandraSourceSpec.&lt;init&gt;(CassandraSourceSpec.scala:45)
	at java.base/jdk.internal.reflect.NativeConstructorAccessorImpl.newInstance0(Native Method)
	at java.base/jdk.internal.reflect.NativeConstructorAccessorImpl.newInstance(NativeConstructorAccessorImpl.java:62)
	at java.base/jdk.internal.reflect.DelegatingConstructorAccessorImpl.newInstance(DelegatingConstructorAccessorImpl.java:45)
	at java.base/java.lang.reflect.Constructor.newInstance(Constructor.java:490)
	at java.base/java.lang.Class.newInstance(Class.java:584)
	at org.scalatest.tools.Framework$ScalaTestTask.execute(Framework.scala:438)
	at sbt.TestRunner.runTest$1(TestFramework.scala:113)
	at sbt.TestRunner.run(TestFramework.scala:124)
	at sbt.TestFramework$$anon$2$$anonfun$$lessinit$greater$1.$anonfun$apply$1(TestFramework.scala:282)
	at sbt.TestFramework$.sbt$TestFramework$$withContextLoader(TestFramework.scala:246)
	at sbt.TestFramework$$anon$2$$anonfun$$lessinit$greater$1.apply(TestFramework.scala:282)
	at sbt.TestFramework$$anon$2$$anonfun$$lessinit$greater$1.apply(TestFramework.scala:282)
	at sbt.TestFunction.apply(TestFramework.scala:294)
	at sbt.Tests$.$anonfun$toTask$1(Tests.scala:309)
	at sbt.std.Transform$$anon$3.$anonfun$apply$2(System.scala:46)
	at sbt.std.Transform$$anon$4.work(System.scala:67)
	at sbt.Execute.$anonfun$submit$2(Execute.scala:269)
	at sbt.internal.util.ErrorHandling$.wideConvert(ErrorHandling.scala:16)
	at sbt.Execute.work(Execute.scala:278)
	at sbt.Execute.$anonfun$submit$1(Execute.scala:269)
	at sbt.ConcurrentRestrictions$$anon$4.$anonfun$submitValid$1(ConcurrentRestrictions.scala:178)
	at sbt.CompletionService$$anon$2.call(CompletionService.scala:37)
	at java.base/java.util.concurrent.FutureTask.run(FutureTask.java:264)
	at java.base/java.util.concurrent.Executors$RunnableAdapter.call(Executors.java:515)
	at java.base/java.util.concurrent.FutureTask.run(FutureTask.java:264)
	at java.base/java.util.concurrent.ThreadPoolExecutor.runWorker(ThreadPoolExecutor.java:1128)
	at java.base/java.util.concurrent.ThreadPoolExecutor$Worker.run(ThreadPoolExecutor.java:628)
	at java.base/java.lang.Thread.run(Thread.java:834)
</error>
                                               </testcase>
                     <system-out><![CDATA[]]></system-out>
                     <system-err><![CDATA[]]></system-err>
                   </testsuite>